<?xml version="1.0" encoding="UTF-8"?>
<!-- Generated by org.testng.reporters.JUnitReportReporter -->
<testsuite name="tests.TestClass" tests="1" time="4.267" ignored="11" failures="0" timestamp="23 Oct 2018 06:48:48 GMT" skipped="0" hostname="IN-IT0281" errors="0">
  <testcase name="test_12" time="4.267" classname="tests.TestClass"/>
  <testcase name="test_11" classname="tests.TestClass">
    <skipped/>
  </testcase> <!-- test_11 -->
  <testcase name="test_02" classname="tests.TestClass">
    <skipped/>
  </testcase> <!-- test_02 -->
  <testcase name="test_10" classname="tests.TestClass">
    <skipped/>
  </testcase> <!-- test_10 -->
  <testcase name="test_09" classname="tests.TestClass">
    <skipped/>
  </testcase> <!-- test_09 -->
  <testcase name="test_08" classname="tests.TestClass">
    <skipped/>
  </testcase> <!-- test_08 -->
  <testcase name="test_05" classname="tests.TestClass">
    <skipped/>
  </testcase> <!-- test_05 -->
  <testcase name="test_07" classname="tests.TestClass">
    <skipped/>
  </testcase> <!-- test_07 -->
  <testcase name="test_04" classname="tests.TestClass">
    <skipped/>
  </testcase> <!-- test_04 -->
  <testcase name="test_01" classname="tests.TestClass">
    <skipped/>
  </testcase> <!-- test_01 -->
  <testcase name="test_06" classname="tests.TestClass">
    <skipped/>
  </testcase> <!-- test_06 -->
  <testcase name="test_03" classname="tests.TestClass">
    <skipped/>
  </testcase> <!-- test_03 -->
</testsuite> <!-- tests.TestClass -->
