<?xml version="1.0" encoding="UTF-8"?>
<!-- Generated by org.testng.reporters.JUnitReportReporter -->
<testsuite name="tests.PostExamples" tests="4" time="3.535" ignored="0" failures="0" timestamp="23 Oct 2018 08:51:28 GMT" skipped="0" hostname="IN-IT0281" errors="0">
  <testcase name="test_4" time="0.930" classname="tests.PostExamples"/>
  <testcase name="test_1" time="0.955" classname="tests.PostExamples"/>
  <testcase name="test_2" time="0.853" classname="tests.PostExamples"/>
  <testcase name="test_3" time="0.797" classname="tests.PostExamples"/>
</testsuite> <!-- tests.PostExamples -->
