<?xml version="1.0" encoding="UTF-8"?>
<!-- Generated by org.testng.reporters.JUnitReportReporter -->
<testsuite name="tests.GetExamples" tests="15" time="12.855" ignored="0" failures="0" timestamp="23 Oct 2018 08:51:28 GMT" skipped="0" hostname="IN-IT0281" errors="0">
  <testcase name="test_10" time="0.210" classname="tests.GetExamples"/>
  <testcase name="test_07" time="1.585" classname="tests.GetExamples"/>
  <testcase name="test_05" time="0.555" classname="tests.GetExamples"/>
  <testcase name="test_03" time="0.954" classname="tests.GetExamples"/>
  <testcase name="test_06" time="0.335" classname="tests.GetExamples"/>
  <testcase name="test_08" time="0.412" classname="tests.GetExamples"/>
  <testcase name="test_09" time="0.209" classname="tests.GetExamples"/>
  <testcase name="test_05" time="0.443" classname="tests.GetExamples"/>
  <testcase name="test_04" time="1.090" classname="tests.GetExamples"/>
  <testcase name="test_05" time="0.391" classname="tests.GetExamples"/>
  <testcase name="test_01" time="4.245" classname="tests.GetExamples"/>
  <testcase name="test_02" time="1.462" classname="tests.GetExamples"/>
  <testcase name="test_08" time="0.393" classname="tests.GetExamples"/>
  <testcase name="test_08" time="0.359" classname="tests.GetExamples"/>
  <testcase name="test_11" time="0.212" classname="tests.GetExamples"/>
</testsuite> <!-- tests.GetExamples -->
